<?xml version="1.0" encoding="UTF-8"?>
<testsuite xmlns:xsi="http://www.w3.org/2001/XMLSchema-instance" xsi:noNamespaceSchemaLocation="https://maven.apache.org/surefire/maven-surefire-plugin/xsd/surefire-test-report.xsd" version="3.0.1" name="org.ankurgoyal.TestUtils.BaseTest" time="0.408" tests="0" errors="0" skipped="0" failures="0">
  <properties>
    <property name="java.specification.version" value="17"/>
    <property name="sun.jnu.encoding" value="UTF-8"/>
    <property name="java.class.path" value="/home/ai/eclipse-workspace/E-commerce_app/EcommerceHybridFramework/target/test-classes:/home/ai/eclipse-workspace/E-commerce_app/EcommerceHybridFramework/target/classes:/home/ai/.m2/repository/io/appium/java-client/9.4.0/java-client-9.4.0.jar:/home/ai/.m2/repository/org/seleniumhq/selenium/selenium-api/4.30.0/selenium-api-4.30.0.jar:/home/ai/.m2/repository/org/jspecify/jspecify/1.0.0/jspecify-1.0.0.jar:/home/ai/.m2/repository/org/seleniumhq/selenium/selenium-remote-driver/4.30.0/selenium-remote-driver-4.30.0.jar:/home/ai/.m2/repository/com/google/auto/service/auto-service-annotations/1.1.1/auto-service-annotations-1.1.1.jar:/home/ai/.m2/repository/com/google/guava/guava/33.4.5-jre/guava-33.4.5-jre.jar:/home/ai/.m2/repository/com/google/guava/failureaccess/1.0.3/failureaccess-1.0.3.jar:/home/ai/.m2/repository/com/google/guava/listenablefuture/9999.0-empty-to-avoid-conflict-with-guava/listenablefuture-9999.0-empty-to-avoid-conflict-with-guava.jar:/home/ai/.m2/repository/com/google/j2objc/j2objc-annotations/3.0.0/j2objc-annotations-3.0.0.jar:/home/ai/.m2/repository/io/opentelemetry/opentelemetry-api/1.48.0/opentelemetry-api-1.48.0.jar:/home/ai/.m2/repository/io/opentelemetry/opentelemetry-context/1.48.0/opentelemetry-context-1.48.0.jar:/home/ai/.m2/repository/io/opentelemetry/opentelemetry-exporter-logging/1.48.0/opentelemetry-exporter-logging-1.48.0.jar:/home/ai/.m2/repository/io/opentelemetry/opentelemetry-sdk-common/1.48.0/opentelemetry-sdk-common-1.48.0.jar:/home/ai/.m2/repository/io/opentelemetry/opentelemetry-sdk-extension-autoconfigure-spi/1.48.0/opentelemetry-sdk-extension-autoconfigure-spi-1.48.0.jar:/home/ai/.m2/repository/io/opentelemetry/opentelemetry-sdk-extension-autoconfigure/1.48.0/opentelemetry-sdk-extension-autoconfigure-1.48.0.jar:/home/ai/.m2/repository/io/opentelemetry/opentelemetry-sdk-trace/1.48.0/opentelemetry-sdk-trace-1.48.0.jar:/home/ai/.m2/repository/io/opentelemetry/opentelemetry-sdk/1.48.0/opentelemetry-sdk-1.48.0.jar:/home/ai/.m2/repository/io/opentelemetry/opentelemetry-sdk-metrics/1.48.0/opentelemetry-sdk-metrics-1.48.0.jar:/home/ai/.m2/repository/io/opentelemetry/opentelemetry-sdk-logs/1.48.0/opentelemetry-sdk-logs-1.48.0.jar:/home/ai/.m2/repository/net/bytebuddy/byte-buddy/1.17.2/byte-buddy-1.17.2.jar:/home/ai/.m2/repository/org/seleniumhq/selenium/selenium-http/4.30.0/selenium-http-4.30.0.jar:/home/ai/.m2/repository/org/seleniumhq/selenium/selenium-json/4.30.0/selenium-json-4.30.0.jar:/home/ai/.m2/repository/org/seleniumhq/selenium/selenium-manager/4.30.0/selenium-manager-4.30.0.jar:/home/ai/.m2/repository/org/seleniumhq/selenium/selenium-os/4.30.0/selenium-os-4.30.0.jar:/home/ai/.m2/repository/org/apache/commons/commons-exec/1.4.0/commons-exec-1.4.0.jar:/home/ai/.m2/repository/org/seleniumhq/selenium/selenium-support/4.30.0/selenium-support-4.30.0.jar:/home/ai/.m2/repository/com/google/code/gson/gson/2.11.0/gson-2.11.0.jar:/home/ai/.m2/repository/com/google/errorprone/error_prone_annotations/2.27.0/error_prone_annotations-2.27.0.jar:/home/ai/.m2/repository/org/slf4j/slf4j-api/2.0.16/slf4j-api-2.0.16.jar:/home/ai/.m2/repository/commons-io/commons-io/2.18.0/commons-io-2.18.0.jar:/home/ai/.m2/repository/com/fasterxml/jackson/core/jackson-databind/2.18.3/jackson-databind-2.18.3.jar:/home/ai/.m2/repository/com/fasterxml/jackson/core/jackson-annotations/2.18.3/jackson-annotations-2.18.3.jar:/home/ai/.m2/repository/com/fasterxml/jackson/core/jackson-core/2.18.3/jackson-core-2.18.3.jar:/home/ai/.m2/repository/com/aventstack/extentreports/5.1.2/extentreports-5.1.2.jar:/home/ai/.m2/repository/io/reactivex/rxjava3/rxjava/3.1.6/rxjava-3.1.6.jar:/home/ai/.m2/repository/org/reactivestreams/reactive-streams/1.0.4/reactive-streams-1.0.4.jar:/home/ai/.m2/repository/org/freemarker/freemarker/2.3.32/freemarker-2.3.32.jar:/home/ai/.m2/repository/org/projectlombok/lombok/1.18.26/lombok-1.18.26.jar:/home/ai/.m2/repository/org/testng/testng/7.11.0/testng-7.11.0.jar:/home/ai/.m2/repository/org/jcommander/jcommander/1.83/jcommander-1.83.jar:/home/ai/.m2/repository/org/webjars/jquery/3.7.1/jquery-3.7.1.jar:/home/ai/.m2/repository/org/seleniumhq/selenium/selenium-java/4.29.0/selenium-java-4.29.0.jar:/home/ai/.m2/repository/org/seleniumhq/selenium/selenium-chrome-driver/4.29.0/selenium-chrome-driver-4.29.0.jar:/home/ai/.m2/repository/org/seleniumhq/selenium/selenium-chromium-driver/4.29.0/selenium-chromium-driver-4.29.0.jar:/home/ai/.m2/repository/org/seleniumhq/selenium/selenium-devtools-v131/4.29.0/selenium-devtools-v131-4.29.0.jar:/home/ai/.m2/repository/org/seleniumhq/selenium/selenium-devtools-v132/4.29.0/selenium-devtools-v132-4.29.0.jar:/home/ai/.m2/repository/org/seleniumhq/selenium/selenium-devtools-v133/4.29.0/selenium-devtools-v133-4.29.0.jar:/home/ai/.m2/repository/org/seleniumhq/selenium/selenium-devtools-v85/4.29.0/selenium-devtools-v85-4.29.0.jar:/home/ai/.m2/repository/org/seleniumhq/selenium/selenium-edge-driver/4.29.0/selenium-edge-driver-4.29.0.jar:/home/ai/.m2/repository/org/seleniumhq/selenium/selenium-firefox-driver/4.29.0/selenium-firefox-driver-4.29.0.jar:/home/ai/.m2/repository/org/seleniumhq/selenium/selenium-ie-driver/4.29.0/selenium-ie-driver-4.29.0.jar:/home/ai/.m2/repository/org/seleniumhq/selenium/selenium-safari-driver/4.29.0/selenium-safari-driver-4.29.0.jar:"/>
    <property name="java.vm.vendor" value="Ubuntu"/>
    <property name="sun.arch.data.model" value="64"/>
    <property name="java.vendor.url" value="https://ubuntu.com/"/>
    <property name="user.timezone" value="Asia/Kolkata"/>
    <property name="os.name" value="Linux"/>
    <property name="java.vm.specification.version" value="17"/>
    <property name="sun.java.launcher" value="SUN_STANDARD"/>
    <property name="user.country" value="IN"/>
    <property name="sun.boot.library.path" value="/usr/lib/jvm/java-17-openjdk-amd64/lib"/>
    <property name="sun.java.command" value="/home/ai/eclipse-workspace/E-commerce_app/EcommerceHybridFramework/target/surefire/surefirebooter-20250404164201259_3.jar /home/ai/eclipse-workspace/E-commerce_app/EcommerceHybridFramework/target/surefire 2025-04-04T16-42-01_175-jvmRun1 surefire-20250404164201259_1tmp surefire_0-20250404164201259_2tmp"/>
    <property name="jdk.debug" value="release"/>
    <property name="surefire.test.class.path" value="/home/ai/eclipse-workspace/E-commerce_app/EcommerceHybridFramework/target/test-classes:/home/ai/eclipse-workspace/E-commerce_app/EcommerceHybridFramework/target/classes:/home/ai/.m2/repository/io/appium/java-client/9.4.0/java-client-9.4.0.jar:/home/ai/.m2/repository/org/seleniumhq/selenium/selenium-api/4.30.0/selenium-api-4.30.0.jar:/home/ai/.m2/repository/org/jspecify/jspecify/1.0.0/jspecify-1.0.0.jar:/home/ai/.m2/repository/org/seleniumhq/selenium/selenium-remote-driver/4.30.0/selenium-remote-driver-4.30.0.jar:/home/ai/.m2/repository/com/google/auto/service/auto-service-annotations/1.1.1/auto-service-annotations-1.1.1.jar:/home/ai/.m2/repository/com/google/guava/guava/33.4.5-jre/guava-33.4.5-jre.jar:/home/ai/.m2/repository/com/google/guava/failureaccess/1.0.3/failureaccess-1.0.3.jar:/home/ai/.m2/repository/com/google/guava/listenablefuture/9999.0-empty-to-avoid-conflict-with-guava/listenablefuture-9999.0-empty-to-avoid-conflict-with-guava.jar:/home/ai/.m2/repository/com/google/j2objc/j2objc-annotations/3.0.0/j2objc-annotations-3.0.0.jar:/home/ai/.m2/repository/io/opentelemetry/opentelemetry-api/1.48.0/opentelemetry-api-1.48.0.jar:/home/ai/.m2/repository/io/opentelemetry/opentelemetry-context/1.48.0/opentelemetry-context-1.48.0.jar:/home/ai/.m2/repository/io/opentelemetry/opentelemetry-exporter-logging/1.48.0/opentelemetry-exporter-logging-1.48.0.jar:/home/ai/.m2/repository/io/opentelemetry/opentelemetry-sdk-common/1.48.0/opentelemetry-sdk-common-1.48.0.jar:/home/ai/.m2/repository/io/opentelemetry/opentelemetry-sdk-extension-autoconfigure-spi/1.48.0/opentelemetry-sdk-extension-autoconfigure-spi-1.48.0.jar:/home/ai/.m2/repository/io/opentelemetry/opentelemetry-sdk-extension-autoconfigure/1.48.0/opentelemetry-sdk-extension-autoconfigure-1.48.0.jar:/home/ai/.m2/repository/io/opentelemetry/opentelemetry-sdk-trace/1.48.0/opentelemetry-sdk-trace-1.48.0.jar:/home/ai/.m2/repository/io/opentelemetry/opentelemetry-sdk/1.48.0/opentelemetry-sdk-1.48.0.jar:/home/ai/.m2/repository/io/opentelemetry/opentelemetry-sdk-metrics/1.48.0/opentelemetry-sdk-metrics-1.48.0.jar:/home/ai/.m2/repository/io/opentelemetry/opentelemetry-sdk-logs/1.48.0/opentelemetry-sdk-logs-1.48.0.jar:/home/ai/.m2/repository/net/bytebuddy/byte-buddy/1.17.2/byte-buddy-1.17.2.jar:/home/ai/.m2/repository/org/seleniumhq/selenium/selenium-http/4.30.0/selenium-http-4.30.0.jar:/home/ai/.m2/repository/org/seleniumhq/selenium/selenium-json/4.30.0/selenium-json-4.30.0.jar:/home/ai/.m2/repository/org/seleniumhq/selenium/selenium-manager/4.30.0/selenium-manager-4.30.0.jar:/home/ai/.m2/repository/org/seleniumhq/selenium/selenium-os/4.30.0/selenium-os-4.30.0.jar:/home/ai/.m2/repository/org/apache/commons/commons-exec/1.4.0/commons-exec-1.4.0.jar:/home/ai/.m2/repository/org/seleniumhq/selenium/selenium-support/4.30.0/selenium-support-4.30.0.jar:/home/ai/.m2/repository/com/google/code/gson/gson/2.11.0/gson-2.11.0.jar:/home/ai/.m2/repository/com/google/errorprone/error_prone_annotations/2.27.0/error_prone_annotations-2.27.0.jar:/home/ai/.m2/repository/org/slf4j/slf4j-api/2.0.16/slf4j-api-2.0.16.jar:/home/ai/.m2/repository/commons-io/commons-io/2.18.0/commons-io-2.18.0.jar:/home/ai/.m2/repository/com/fasterxml/jackson/core/jackson-databind/2.18.3/jackson-databind-2.18.3.jar:/home/ai/.m2/repository/com/fasterxml/jackson/core/jackson-annotations/2.18.3/jackson-annotations-2.18.3.jar:/home/ai/.m2/repository/com/fasterxml/jackson/core/jackson-core/2.18.3/jackson-core-2.18.3.jar:/home/ai/.m2/repository/com/aventstack/extentreports/5.1.2/extentreports-5.1.2.jar:/home/ai/.m2/repository/io/reactivex/rxjava3/rxjava/3.1.6/rxjava-3.1.6.jar:/home/ai/.m2/repository/org/reactivestreams/reactive-streams/1.0.4/reactive-streams-1.0.4.jar:/home/ai/.m2/repository/org/freemarker/freemarker/2.3.32/freemarker-2.3.32.jar:/home/ai/.m2/repository/org/projectlombok/lombok/1.18.26/lombok-1.18.26.jar:/home/ai/.m2/repository/org/testng/testng/7.11.0/testng-7.11.0.jar:/home/ai/.m2/repository/org/jcommander/jcommander/1.83/jcommander-1.83.jar:/home/ai/.m2/repository/org/webjars/jquery/3.7.1/jquery-3.7.1.jar:/home/ai/.m2/repository/org/seleniumhq/selenium/selenium-java/4.29.0/selenium-java-4.29.0.jar:/home/ai/.m2/repository/org/seleniumhq/selenium/selenium-chrome-driver/4.29.0/selenium-chrome-driver-4.29.0.jar:/home/ai/.m2/repository/org/seleniumhq/selenium/selenium-chromium-driver/4.29.0/selenium-chromium-driver-4.29.0.jar:/home/ai/.m2/repository/org/seleniumhq/selenium/selenium-devtools-v131/4.29.0/selenium-devtools-v131-4.29.0.jar:/home/ai/.m2/repository/org/seleniumhq/selenium/selenium-devtools-v132/4.29.0/selenium-devtools-v132-4.29.0.jar:/home/ai/.m2/repository/org/seleniumhq/selenium/selenium-devtools-v133/4.29.0/selenium-devtools-v133-4.29.0.jar:/home/ai/.m2/repository/org/seleniumhq/selenium/selenium-devtools-v85/4.29.0/selenium-devtools-v85-4.29.0.jar:/home/ai/.m2/repository/org/seleniumhq/selenium/selenium-edge-driver/4.29.0/selenium-edge-driver-4.29.0.jar:/home/ai/.m2/repository/org/seleniumhq/selenium/selenium-firefox-driver/4.29.0/selenium-firefox-driver-4.29.0.jar:/home/ai/.m2/repository/org/seleniumhq/selenium/selenium-ie-driver/4.29.0/selenium-ie-driver-4.29.0.jar:/home/ai/.m2/repository/org/seleniumhq/selenium/selenium-safari-driver/4.29.0/selenium-safari-driver-4.29.0.jar:"/>
    <property name="sun.cpu.endian" value="little"/>
    <property name="user.home" value="/home/ai"/>
    <property name="user.language" value="en"/>
    <property name="java.specification.vendor" value="Oracle Corporation"/>
    <property name="java.version.date" value="2025-01-21"/>
    <property name="java.home" value="/usr/lib/jvm/java-17-openjdk-amd64"/>
    <property name="file.separator" value="/"/>
    <property name="basedir" value="/home/ai/eclipse-workspace/E-commerce_app/EcommerceHybridFramework"/>
    <property name="java.vm.compressedOopsMode" value="Zero based"/>
    <property name="line.separator" value="&#10;"/>
    <property name="java.vm.specification.vendor" value="Oracle Corporation"/>
    <property name="java.specification.name" value="Java Platform API Specification"/>
    <property name="surefire.real.class.path" value="/home/ai/eclipse-workspace/E-commerce_app/EcommerceHybridFramework/target/surefire/surefirebooter-20250404164201259_3.jar"/>
    <property name="sun.management.compiler" value="HotSpot 64-Bit Tiered Compilers"/>
    <property name="java.runtime.version" value="17.0.14+7-Ubuntu-120.04"/>
    <property name="user.name" value="ai"/>
    <property name="path.separator" value=":"/>
    <property name="os.version" value="5.15.0-134-generic"/>
    <property name="java.runtime.name" value="OpenJDK Runtime Environment"/>
    <property name="file.encoding" value="UTF-8"/>
    <property name="java.vm.name" value="OpenJDK 64-Bit Server VM"/>
    <property name="localRepository" value="/home/ai/.m2/repository"/>
    <property name="java.vendor.url.bug" value="https://bugs.launchpad.net/ubuntu/+source/openjdk-17"/>
    <property name="java.io.tmpdir" value="/tmp"/>
    <property name="java.version" value="17.0.14"/>
    <property name="user.dir" value="/home/ai/eclipse-workspace/E-commerce_app/EcommerceHybridFramework"/>
    <property name="os.arch" value="amd64"/>
    <property name="java.vm.specification.name" value="Java Virtual Machine Specification"/>
    <property name="native.encoding" value="UTF-8"/>
    <property name="java.library.path" value="/usr/java/packages/lib:/usr/lib/x86_64-linux-gnu/jni:/lib/x86_64-linux-gnu:/usr/lib/x86_64-linux-gnu:/usr/lib/jni:/lib:/usr/lib"/>
    <property name="java.vm.info" value="mixed mode, sharing"/>
    <property name="java.vendor" value="Ubuntu"/>
    <property name="java.vm.version" value="17.0.14+7-Ubuntu-120.04"/>
    <property name="java.specification.maintenance.version" value="1"/>
    <property name="sun.io.unicode.encoding" value="UnicodeLittle"/>
    <property name="java.class.version" value="61.0"/>
  </properties>
</testsuite>