<?xml version="1.0" encoding="UTF-8"?>
<!-- Generated by org.testng.reporters.JUnitReportReporter -->
<testsuite hostname="appinventiv-Latitude-7420" failures="0" tests="2" name="org.ankurgoyal.AmountCaluculationValidation" time="47.428" errors="0" timestamp="2025-04-06T17:54:19 IST" skipped="0">
  <testcase classname="org.ankurgoyal.AmountCaluculationValidation" name="amountCalculation" time="24.332"/>
  <testcase classname="org.ankurgoyal.AmountCaluculationValidation" name="amountCalculation" time="23.096"/>
</testsuite> <!-- org.ankurgoyal.AmountCaluculationValidation -->
