<?xml version="1.0" encoding="UTF-8"?>
<!-- Generated by org.testng.reporters.JUnitReportReporter -->
<testsuite hostname="appinventiv-Latitude-7420" failures="0" tests="2" name="org.ankurgoyal.AmountCaluculationValidation" time="34.239" errors="0" timestamp="2025-04-07T02:21:36 IST" skipped="0">
  <testcase classname="org.ankurgoyal.AmountCaluculationValidation" name="amountCalculation" time="17.964"/>
  <testcase classname="org.ankurgoyal.AmountCaluculationValidation" name="amountCalculation" time="16.275"/>
</testsuite> <!-- org.ankurgoyal.AmountCaluculationValidation -->
